Using pre-set license
Built from '2021.1/staging' branch; Version is '2021.1.0b4 (6d90c0720bd4) revision 7180480'; Using compiler version '192528614'; Build Type 'Release'
OS: 'Windows 10 Home Single Language; OS build 19042.1083; Version 2009; 64bit' Language: 'ru' Physical Memory: 8090 MB
BatchMode: 1, IsHumanControllingUs: 0, StartBugReporterOnCrash: 0, Is64bit: 1, IsPro: 0

 COMMAND LINE ARGUMENTS:
D:\Unityar\2021.1.0b4\Editor\Unity.exe
-adb2
-batchMode
-noUpm
-name
AssetImportWorker0
-projectPath
D:/My directory/UnityGames/TestTasks/Asteroids
-logFile
Logs/AssetImportWorker0.log
-srvPort
55054
Successfully changed project path to: D:/My directory/UnityGames/TestTasks/Asteroids
D:/My directory/UnityGames/TestTasks/Asteroids
Using Asset Import Pipeline V2.
Refreshing native plugins compatible for Editor in 62.93 ms, found 1 plugins.
Preloading 0 native plugins for Editor in 0.00 ms.
Initialize engine version: 2021.1.0b4 (6d90c0720bd4)
[Subsystems] Discovering subsystems at path D:/Unityar/2021.1.0b4/Editor/Data/Resources/UnitySubsystems
[Subsystems] Discovering subsystems at path D:/My directory/UnityGames/TestTasks/Asteroids/Assets
GfxDevice: creating device client; threaded=0; jobified=0
Direct3D:
    Version:  Direct3D 11.0 [level 11.0]
    Renderer: NVIDIA GeForce GTX 960M (ID=0x139b)
    Vendor:   NVIDIA
    VRAM:     2010 MB
    Driver:   27.21.14.6663
Initialize mono
Mono path[0] = 'D:/Unityar/2021.1.0b4/Editor/Data/Managed'
Mono path[1] = 'D:/Unityar/2021.1.0b4/Editor/Data/MonoBleedingEdge/lib/mono/unityjit'
Mono config path = 'D:/Unityar/2021.1.0b4/Editor/Data/MonoBleedingEdge/etc'
Using monoOptions --debugger-agent=transport=dt_socket,embedding=1,server=y,suspend=n,address=127.0.0.1:56200
Begin MonoManager ReloadAssembly
Registering precompiled unity dll's ...
Register platform support module: D:/Unityar/2021.1.0b4/Editor/Data/PlaybackEngines/WindowsStandaloneSupport/UnityEditor.WindowsStandalone.Extensions.dll
Register platform support module: D:/Unityar/2021.1.0b4/Editor/Data/PlaybackEngines/LinuxStandaloneSupport/UnityEditor.LinuxStandalone.Extensions.dll
Registered in 0.002270 seconds.
Native extension for LinuxStandalone target not found
Native extension for WindowsStandalone target not found
Refreshing native plugins compatible for Editor in 47.70 ms, found 1 plugins.
Preloading 0 native plugins for Editor in 0.00 ms.
Mono: successfully reloaded assembly
- Completed reload, in  2.488 seconds
Platform modules already initialized, skipping
Registering precompiled user dll's ...
Registered in 0.001027 seconds.
Begin MonoManager ReloadAssembly
Native extension for LinuxStandalone target not found
Native extension for WindowsStandalone target not found
Refreshing native plugins compatible for Editor in 79.42 ms, found 1 plugins.
Preloading 0 native plugins for Editor in 0.00 ms.
Mono: successfully reloaded assembly
- Completed reload, in  2.480 seconds
Platform modules already initialized, skipping
========================================================================
Worker process is ready to serve import requests
Launched and connected shader compiler UnityShaderCompiler.exe after 0.17 seconds
Refreshing native plugins compatible for Editor in 0.42 ms, found 1 plugins.
Preloading 0 native plugins for Editor in 0.00 ms.
Unloading 1713 Unused Serialized files (Serialized files now loaded: 0)
System memory in use before: 217.1 MB.
System memory in use after: 217.0 MB.

Unloading 23 unused Assets to reduce memory usage. Loaded Objects now: 2168.
Total: 6.833300 ms (FindLiveObjects: 0.324900 ms CreateObjectMapping: 0.181400 ms MarkObjects: 5.989900 ms  DeleteObjects: 0.334300 ms)

========================================================================
Received Import Request.
  path: Assets/Scripts/Buttons/NewGameButton.cs
  artifactKey: Guid(c9697d4d810e1104fa28164f72972555) Importer(815301076,1909f56bfc062723c751e8b465ee728b)
Start importing Assets/Scripts/Buttons/NewGameButton.cs using Guid(c9697d4d810e1104fa28164f72972555) Importer(815301076,1909f56bfc062723c751e8b465ee728b)  -> (artifact id: '1f6e87eb3a2b53ae0e1d42ec7f3afb9c') in 0.271589 seconds 
========================================================================
Received Prepare
Registering precompiled user dll's ...
Registered in 0.044478 seconds.
Begin MonoManager ReloadAssembly
Native extension for LinuxStandalone target not found
Native extension for WindowsStandalone target not found
Refreshing native plugins compatible for Editor in 0.56 ms, found 1 plugins.
Preloading 0 native plugins for Editor in 0.00 ms.
Mono: successfully reloaded assembly
- Completed reload, in  2.432 seconds
Platform modules already initialized, skipping
Refreshing native plugins compatible for Editor in 0.48 ms, found 1 plugins.
Preloading 0 native plugins for Editor in 0.00 ms.
Unloading 1695 Unused Serialized files (Serialized files now loaded: 0)
System memory in use before: 216.0 MB.
System memory in use after: 216.0 MB.

Unloading 12 unused Assets to reduce memory usage. Loaded Objects now: 2171.
Total: 3.742400 ms (FindLiveObjects: 0.471000 ms CreateObjectMapping: 0.651600 ms MarkObjects: 2.432700 ms  DeleteObjects: 0.185400 ms)

========================================================================
Received Import Request.
  Time since last request: 370.896978 seconds.
  path: Assets/Scripts/Buttons/NewGameButton.cs
  artifactKey: Guid(c9697d4d810e1104fa28164f72972555) Importer(815301076,1909f56bfc062723c751e8b465ee728b)
Start importing Assets/Scripts/Buttons/NewGameButton.cs using Guid(c9697d4d810e1104fa28164f72972555) Importer(815301076,1909f56bfc062723c751e8b465ee728b)  -> (artifact id: '61550d557ade99812926c91fcd4a4391') in 0.027762 seconds 
========================================================================
Received Prepare
Refreshing native plugins compatible for Editor in 82.83 ms, found 1 plugins.
Preloading 0 native plugins for Editor in 0.00 ms.
Unloading 10 Unused Serialized files (Serialized files now loaded: 0)
System memory in use before: 182.5 MB.
System memory in use after: 182.5 MB.

Unloading 10 unused Assets to reduce memory usage. Loaded Objects now: 2171.
Total: 4.719700 ms (FindLiveObjects: 0.245500 ms CreateObjectMapping: 0.161500 ms MarkObjects: 4.174800 ms  DeleteObjects: 0.135300 ms)

